"a".tr
"a".tr_s
ri
:help "a".to_s
:help to_s
:help String::to_s
:help String.to_s
:help
help
ri "a".to_s
ri String.to_s
ri String:to_s
ri String::to_s
ri
ri NilClass
ri String
puts "a"
"a".tr
"a".tr("a2", "b"
  "a".tr("a2", "b")
"a".tr("a2", "b")
"a".tr("\s", "")
"a   ".tr("\s", "")
"a   ".strip
"a    \n".strip
"a b".split " "
load parser.rb
load "parser.rb"
.pwd
load "src/parser.rb"
Card.new("1a")
Card.new("1a")==Card.new("1a")
Card.new("1a")===Card.new("1a")
load "src/parser.rb"
Card.new("1a")===Card.new("1a")
Card.new("1a")==Card.new("1a")
vals = "1234"
vals.split
vals.split("")
vals.split("").contains?("1")
vals.split("").items
vals.split("")
vals_ = ["1", "2", "3", "4"]
vals_.include?("1")
"a2"[1]
"a2"[0]
